1570363371400	mozrunner::runner	INFO	Running command: "/Applications/Firefox.app/Contents/MacOS/firefox-bin" "-marionette" "-headless" "-foreground" "-no-remote" "-profile" "/var/folders/0y/cj_k19f12td6t2rqw6t5fmr40000gn/T/rust_mozprofile.9xeGIibtNpFc"
*** You are running in headless mode.
1570363372158	addons.webextension.screenshots@mozilla.org	WARN	Loading extension 'screenshots@mozilla.org': Reading manifest: Invalid extension permission: mozillaAddons
1570363372158	addons.webextension.screenshots@mozilla.org	WARN	Loading extension 'screenshots@mozilla.org': Reading manifest: Invalid extension permission: telemetry
1570363372158	addons.webextension.screenshots@mozilla.org	WARN	Loading extension 'screenshots@mozilla.org': Reading manifest: Invalid extension permission: resource://pdf.js/
1570363372158	addons.webextension.screenshots@mozilla.org	WARN	Loading extension 'screenshots@mozilla.org': Reading manifest: Invalid extension permission: about:reader*
1570363373793	Marionette	INFO	Listening on port 56649
1570363373884	Marionette	WARN	TLS certificate errors will be ignored for this session
JavaScript warning: http://www.dga.cl/productosyservicios/derechos_historicos/Paginas/default.aspx, line 108: unreachable code after return statement
JavaScript error: http://www.dga.cl/productosyservicios/derechos_historicos/Paginas/default.aspx, line 605: TypeError: $.gaTrack is not a function
1570364798990	mozrunner::runner	INFO	Running command: "/Applications/Firefox.app/Contents/MacOS/firefox-bin" "-marionette" "-headless" "-foreground" "-no-remote" "-profile" "/var/folders/0y/cj_k19f12td6t2rqw6t5fmr40000gn/T/rust_mozprofile.oeLGOdqc2GgY"
*** You are running in headless mode.
1570364799461	addons.webextension.screenshots@mozilla.org	WARN	Loading extension 'screenshots@mozilla.org': Reading manifest: Invalid extension permission: mozillaAddons
1570364799461	addons.webextension.screenshots@mozilla.org	WARN	Loading extension 'screenshots@mozilla.org': Reading manifest: Invalid extension permission: telemetry
1570364799461	addons.webextension.screenshots@mozilla.org	WARN	Loading extension 'screenshots@mozilla.org': Reading manifest: Invalid extension permission: resource://pdf.js/
1570364799461	addons.webextension.screenshots@mozilla.org	WARN	Loading extension 'screenshots@mozilla.org': Reading manifest: Invalid extension permission: about:reader*
1570364801037	Marionette	INFO	Listening on port 62838
1570364801069	Marionette	WARN	TLS certificate errors will be ignored for this session
JavaScript warning: http://www.dga.cl/productosyservicios/derechos_historicos/Paginas/default.aspx, line 108: unreachable code after return statement
JavaScript error: http://www.dga.cl/productosyservicios/derechos_historicos/Paginas/default.aspx, line 605: TypeError: $.gaTrack is not a function
1570365323827	mozrunner::runner	INFO	Running command: "/Applications/Firefox.app/Contents/MacOS/firefox-bin" "-marionette" "-headless" "-foreground" "-no-remote" "-profile" "/var/folders/0y/cj_k19f12td6t2rqw6t5fmr40000gn/T/rust_mozprofile.vJU2gF1QmN1h"
*** You are running in headless mode.
1570365324300	addons.webextension.screenshots@mozilla.org	WARN	Loading extension 'screenshots@mozilla.org': Reading manifest: Invalid extension permission: mozillaAddons
1570365324300	addons.webextension.screenshots@mozilla.org	WARN	Loading extension 'screenshots@mozilla.org': Reading manifest: Invalid extension permission: telemetry
1570365324301	addons.webextension.screenshots@mozilla.org	WARN	Loading extension 'screenshots@mozilla.org': Reading manifest: Invalid extension permission: resource://pdf.js/
1570365324301	addons.webextension.screenshots@mozilla.org	WARN	Loading extension 'screenshots@mozilla.org': Reading manifest: Invalid extension permission: about:reader*
1570365325827	Marionette	INFO	Listening on port 65105
1570365325892	Marionette	WARN	TLS certificate errors will be ignored for this session
JavaScript warning: http://www.dga.cl/productosyservicios/derechos_historicos/Paginas/default.aspx, line 108: unreachable code after return statement
JavaScript error: http://www.dga.cl/productosyservicios/derechos_historicos/Paginas/default.aspx, line 605: TypeError: $.gaTrack is not a function
1570365340244	mozrunner::runner	INFO	Running command: "/Applications/Firefox.app/Contents/MacOS/firefox-bin" "-marionette" "-headless" "-foreground" "-no-remote" "-profile" "/var/folders/0y/cj_k19f12td6t2rqw6t5fmr40000gn/T/rust_mozprofile.G4oncuTTqhZk"
*** You are running in headless mode.
1570365340653	addons.webextension.screenshots@mozilla.org	WARN	Loading extension 'screenshots@mozilla.org': Reading manifest: Invalid extension permission: mozillaAddons
1570365340654	addons.webextension.screenshots@mozilla.org	WARN	Loading extension 'screenshots@mozilla.org': Reading manifest: Invalid extension permission: telemetry
1570365340654	addons.webextension.screenshots@mozilla.org	WARN	Loading extension 'screenshots@mozilla.org': Reading manifest: Invalid extension permission: resource://pdf.js/
1570365340654	addons.webextension.screenshots@mozilla.org	WARN	Loading extension 'screenshots@mozilla.org': Reading manifest: Invalid extension permission: about:reader*
1570365342212	Marionette	INFO	Listening on port 65234
1570365342286	Marionette	WARN	TLS certificate errors will be ignored for this session
JavaScript warning: http://www.dga.cl/productosyservicios/derechos_historicos/Paginas/default.aspx, line 108: unreachable code after return statement
JavaScript error: http://www.dga.cl/productosyservicios/derechos_historicos/Paginas/default.aspx, line 605: TypeError: $.gaTrack is not a function
1570365359793	mozrunner::runner	INFO	Running command: "/Applications/Firefox.app/Contents/MacOS/firefox-bin" "-marionette" "-headless" "-foreground" "-no-remote" "-profile" "/var/folders/0y/cj_k19f12td6t2rqw6t5fmr40000gn/T/rust_mozprofile.aBZGi1Vbjmkv"
*** You are running in headless mode.
1570365360267	addons.webextension.screenshots@mozilla.org	WARN	Loading extension 'screenshots@mozilla.org': Reading manifest: Invalid extension permission: mozillaAddons
1570365360267	addons.webextension.screenshots@mozilla.org	WARN	Loading extension 'screenshots@mozilla.org': Reading manifest: Invalid extension permission: telemetry
1570365360267	addons.webextension.screenshots@mozilla.org	WARN	Loading extension 'screenshots@mozilla.org': Reading manifest: Invalid extension permission: resource://pdf.js/
1570365360267	addons.webextension.screenshots@mozilla.org	WARN	Loading extension 'screenshots@mozilla.org': Reading manifest: Invalid extension permission: about:reader*
1570365361869	Marionette	INFO	Listening on port 65378
1570365361942	Marionette	WARN	TLS certificate errors will be ignored for this session
JavaScript warning: http://www.dga.cl/productosyservicios/derechos_historicos/Paginas/default.aspx, line 108: unreachable code after return statement
JavaScript error: http://www.dga.cl/productosyservicios/derechos_historicos/Paginas/default.aspx, line 605: TypeError: $.gaTrack is not a function
1570365392084	mozrunner::runner	INFO	Running command: "/Applications/Firefox.app/Contents/MacOS/firefox-bin" "-marionette" "-headless" "-foreground" "-no-remote" "-profile" "/var/folders/0y/cj_k19f12td6t2rqw6t5fmr40000gn/T/rust_mozprofile.7MR95ljptwVX"
*** You are running in headless mode.
1570365392588	addons.webextension.screenshots@mozilla.org	WARN	Loading extension 'screenshots@mozilla.org': Reading manifest: Invalid extension permission: mozillaAddons
1570365392588	addons.webextension.screenshots@mozilla.org	WARN	Loading extension 'screenshots@mozilla.org': Reading manifest: Invalid extension permission: telemetry
1570365392589	addons.webextension.screenshots@mozilla.org	WARN	Loading extension 'screenshots@mozilla.org': Reading manifest: Invalid extension permission: resource://pdf.js/
1570365392589	addons.webextension.screenshots@mozilla.org	WARN	Loading extension 'screenshots@mozilla.org': Reading manifest: Invalid extension permission: about:reader*
1570365394597	Marionette	INFO	Listening on port 49203
1570365394626	Marionette	WARN	TLS certificate errors will be ignored for this session
JavaScript warning: http://www.dga.cl/productosyservicios/derechos_historicos/Paginas/default.aspx, line 108: unreachable code after return statement
JavaScript error: http://www.dga.cl/productosyservicios/derechos_historicos/Paginas/default.aspx, line 605: TypeError: $.gaTrack is not a function
1570389194924	mozrunner::runner	INFO	Running command: "/Applications/Firefox.app/Contents/MacOS/firefox-bin" "-marionette" "-headless" "-foreground" "-no-remote" "-profile" "/var/folders/0y/cj_k19f12td6t2rqw6t5fmr40000gn/T/rust_mozprofile.fV9i58LUokEB"
*** You are running in headless mode.
1570389195409	addons.webextension.screenshots@mozilla.org	WARN	Loading extension 'screenshots@mozilla.org': Reading manifest: Invalid extension permission: mozillaAddons
1570389195409	addons.webextension.screenshots@mozilla.org	WARN	Loading extension 'screenshots@mozilla.org': Reading manifest: Invalid extension permission: telemetry
1570389195409	addons.webextension.screenshots@mozilla.org	WARN	Loading extension 'screenshots@mozilla.org': Reading manifest: Invalid extension permission: resource://pdf.js/
1570389195410	addons.webextension.screenshots@mozilla.org	WARN	Loading extension 'screenshots@mozilla.org': Reading manifest: Invalid extension permission: about:reader*
1570389197010	Marionette	INFO	Listening on port 63886
1570389197070	Marionette	WARN	TLS certificate errors will be ignored for this session
JavaScript warning: http://www.dga.cl/productosyservicios/derechos_historicos/Paginas/default.aspx, line 108: unreachable code after return statement
JavaScript error: http://www.dga.cl/productosyservicios/derechos_historicos/Paginas/default.aspx, line 605: TypeError: $.gaTrack is not a function
1570389359536	mozrunner::runner	INFO	Running command: "/Applications/Firefox.app/Contents/MacOS/firefox-bin" "-marionette" "-headless" "-foreground" "-no-remote" "-profile" "/var/folders/0y/cj_k19f12td6t2rqw6t5fmr40000gn/T/rust_mozprofile.hcyA0wBHCPzq"
*** You are running in headless mode.
1570389359937	addons.webextension.screenshots@mozilla.org	WARN	Loading extension 'screenshots@mozilla.org': Reading manifest: Invalid extension permission: mozillaAddons
1570389359937	addons.webextension.screenshots@mozilla.org	WARN	Loading extension 'screenshots@mozilla.org': Reading manifest: Invalid extension permission: telemetry
1570389359938	addons.webextension.screenshots@mozilla.org	WARN	Loading extension 'screenshots@mozilla.org': Reading manifest: Invalid extension permission: resource://pdf.js/
1570389359938	addons.webextension.screenshots@mozilla.org	WARN	Loading extension 'screenshots@mozilla.org': Reading manifest: Invalid extension permission: about:reader*
1570389361510	Marionette	INFO	Listening on port 64665
1570389361597	Marionette	WARN	TLS certificate errors will be ignored for this session
JavaScript warning: http://www.dga.cl/productosyservicios/derechos_historicos/Paginas/default.aspx, line 108: unreachable code after return statement
JavaScript error: http://www.dga.cl/productosyservicios/derechos_historicos/Paginas/default.aspx, line 605: TypeError: $.gaTrack is not a function
1570389835388	mozrunner::runner	INFO	Running command: "/Applications/Firefox.app/Contents/MacOS/firefox-bin" "-marionette" "-headless" "-foreground" "-no-remote" "-profile" "/var/folders/0y/cj_k19f12td6t2rqw6t5fmr40000gn/T/rust_mozprofile.RjgdZqzmr5iw"
*** You are running in headless mode.
1570389835894	addons.webextension.screenshots@mozilla.org	WARN	Loading extension 'screenshots@mozilla.org': Reading manifest: Invalid extension permission: mozillaAddons
1570389835894	addons.webextension.screenshots@mozilla.org	WARN	Loading extension 'screenshots@mozilla.org': Reading manifest: Invalid extension permission: telemetry
1570389835894	addons.webextension.screenshots@mozilla.org	WARN	Loading extension 'screenshots@mozilla.org': Reading manifest: Invalid extension permission: resource://pdf.js/
1570389835894	addons.webextension.screenshots@mozilla.org	WARN	Loading extension 'screenshots@mozilla.org': Reading manifest: Invalid extension permission: about:reader*
1570389837488	Marionette	INFO	Listening on port 50652
1570389837535	Marionette	WARN	TLS certificate errors will be ignored for this session
JavaScript warning: http://www.dga.cl/productosyservicios/derechos_historicos/Paginas/default.aspx, line 108: unreachable code after return statement
JavaScript error: http://www.dga.cl/productosyservicios/derechos_historicos/Paginas/default.aspx, line 605: TypeError: $.gaTrack is not a function
1570390468765	mozrunner::runner	INFO	Running command: "/Applications/Firefox.app/Contents/MacOS/firefox-bin" "-marionette" "-headless" "-foreground" "-no-remote" "-profile" "/var/folders/0y/cj_k19f12td6t2rqw6t5fmr40000gn/T/rust_mozprofile.1Z5RDiX0qcwV"
*** You are running in headless mode.
1570390469213	addons.webextension.screenshots@mozilla.org	WARN	Loading extension 'screenshots@mozilla.org': Reading manifest: Invalid extension permission: mozillaAddons
1570390469213	addons.webextension.screenshots@mozilla.org	WARN	Loading extension 'screenshots@mozilla.org': Reading manifest: Invalid extension permission: telemetry
1570390469213	addons.webextension.screenshots@mozilla.org	WARN	Loading extension 'screenshots@mozilla.org': Reading manifest: Invalid extension permission: resource://pdf.js/
1570390469213	addons.webextension.screenshots@mozilla.org	WARN	Loading extension 'screenshots@mozilla.org': Reading manifest: Invalid extension permission: about:reader*
1570390470852	Marionette	INFO	Listening on port 53350
1570390470926	Marionette	WARN	TLS certificate errors will be ignored for this session
JavaScript warning: http://www.dga.cl/productosyservicios/derechos_historicos/Paginas/default.aspx, line 108: unreachable code after return statement
JavaScript error: http://www.dga.cl/productosyservicios/derechos_historicos/Paginas/default.aspx, line 605: TypeError: $.gaTrack is not a function
1570390547102	mozrunner::runner	INFO	Running command: "/Applications/Firefox.app/Contents/MacOS/firefox-bin" "-marionette" "-headless" "-foreground" "-no-remote" "-profile" "/var/folders/0y/cj_k19f12td6t2rqw6t5fmr40000gn/T/rust_mozprofile.DPAxitR4gKo1"
*** You are running in headless mode.
1570390547570	addons.webextension.screenshots@mozilla.org	WARN	Loading extension 'screenshots@mozilla.org': Reading manifest: Invalid extension permission: mozillaAddons
1570390547570	addons.webextension.screenshots@mozilla.org	WARN	Loading extension 'screenshots@mozilla.org': Reading manifest: Invalid extension permission: telemetry
1570390547571	addons.webextension.screenshots@mozilla.org	WARN	Loading extension 'screenshots@mozilla.org': Reading manifest: Invalid extension permission: resource://pdf.js/
1570390547571	addons.webextension.screenshots@mozilla.org	WARN	Loading extension 'screenshots@mozilla.org': Reading manifest: Invalid extension permission: about:reader*
1570390549208	Marionette	INFO	Listening on port 53732
1570390549262	Marionette	WARN	TLS certificate errors will be ignored for this session
JavaScript warning: http://www.dga.cl/productosyservicios/derechos_historicos/Paginas/default.aspx, line 108: unreachable code after return statement
JavaScript error: http://www.dga.cl/productosyservicios/derechos_historicos/Paginas/default.aspx, line 605: TypeError: $.gaTrack is not a function
Exiting due to channel error.
Exiting due to channel error.
Exiting due to channel error.
Exiting due to channel error.
[GFX1-]: Receive IPC close with reason=AbnormalShutdown
Exiting due to channel error.
[Child 33671, Chrome_ChildThread] WARNING: pipe error: Broken pipe: file /builds/worker/workspace/build/src/ipc/chromium/src/chrome/common/ipc_channel_posix.cc, line 728
Exiting due to channel error.
Exiting due to channel error.
Exiting due to channel error.
Exiting due to channel error.
Exiting due to channel error.
[GFX1-]: Receive IPC close with reason=AbnormalShutdown
Exiting due to channel error.
Exiting due to channel error.
[GFX1-]: Receive IPC close with reason=AbnormalShutdown
Exiting due to channel error.
Exiting due to channel error.
[GFX1-]: Receive IPC close with reason=AbnormalShutdown
Exiting due to channel error.
Exiting due to channel error.
[GFX1-]: Receive IPC close with reason=AbnormalShutdown
Exiting due to channel error.
Exiting due to channel error.
[GFX1-]: Receive IPC close with reason=AbnormalShutdown
Exiting due to channel error.
Exiting due to channel error.
[GFX1-]: Receive IPC close with reason=AbnormalShutdown
[GFX1-]: Receive IPC close with reason=AbnormalShutdown
Exiting due to channel error.
Exiting due to channel error.
Exiting due to channel error.
[GFX1-]: Receive IPC close with reason=AbnormalShutdown
[GFX1-]: Receive IPC close with reason=AbnormalShutdown
Exiting due to channel error.
[GFX1-]: Receive IPC close with reason=AbnormalShutdown
Exiting due to channel error.
Exiting due to channel error.
Exiting due to channel error.
Exiting due to channel error.
[GFX1-]: Receive IPC close with reason=AbnormalShutdown
[Child 34169, Chrome_ChildThread] WARNING: pipe error: Broken pipe: file /builds/worker/workspace/build/src/ipc/chromium/src/chrome/common/ipc_channel_posix.cc, line 728
Exiting due to channel error.
[GFX1-]: Receive IPC close with reason=AbnormalShutdown
Exiting due to channel error.
Exiting due to channel error.
[GFX1-]: Receive IPC close with reason=AbnormalShutdown
Exiting due to channel error.
Exiting due to channel error.
